<?xml version="1.0" encoding="UTF-8"?>
<!-- Generated by org.testng.reporters.JUnitReportReporter -->
<testsuite hostname="SREEVALLABH" failures="0" tests="2" name="tests.PortalNavigationTest" time="7.167" errors="0" timestamp="2025-09-29T15:01:58 IST" skipped="0">
  <testcase classname="tests.PortalNavigationTest" name="verifyDashboardNavigation" time="4.191"/>
  <testcase classname="tests.PortalNavigationTest" name="verifyMessageTab" time="2.976"/>
</testsuite> <!-- tests.PortalNavigationTest -->
