<?xml version="1.0" encoding="UTF-8"?>
<!-- Generated by org.testng.reporters.JUnitReportReporter -->
<testsuite hostname="SREEVALLABH" failures="0" tests="1" name="tests.PortalAuthenticationTest" time="6.619" errors="0" timestamp="2025-09-29T15:01:58 IST" skipped="0">
  <testcase classname="tests.PortalAuthenticationTest" name="loginPortal" time="6.619"/>
</testsuite> <!-- tests.PortalAuthenticationTest -->
