<?xml version="1.0" encoding="UTF-8"?>
<!-- Generated by org.testng.reporters.JUnitReportReporter -->
<testsuite hostname="SREEVALLABH" failures="0" tests="4" name="tests.PatientSearchTest" time="29.117" errors="0" timestamp="2025-09-29T15:01:58 IST" skipped="0">
  <testcase classname="tests.PatientSearchTest" name="verifyPatientSearch" time="9.085"/>
  <testcase classname="tests.PatientSearchTest" name="verifyPatientSearchByLastName" time="6.717"/>
  <testcase classname="tests.PatientSearchTest" name="verifyPatientSearchByFirstName" time="6.713"/>
  <testcase classname="tests.PatientSearchTest" name="verifyPatientSearchByFullName" time="6.602"/>
</testsuite> <!-- tests.PatientSearchTest -->
